INFO     Daemonized
WARNING  fulljid property deprecated. Use boundjid.full
WARNING  fulljid property deprecated. Use boundjid.full
WARNING  fulljid property deprecated. Use boundjid.full
WARNING  fulljid property deprecated. Use boundjid.full
WARNING  fulljid property deprecated. Use boundjid.full
WARNING  fulljid property deprecated. Use boundjid.full
WARNING  fulljid property deprecated. Use boundjid.full
WARNING  Was not able to set all parents in camp1
INFO     Daemonized
WARNING  fulljid property deprecated. Use boundjid.full
WARNING  fulljid property deprecated. Use boundjid.full
WARNING  fulljid property deprecated. Use boundjid.full
WARNING  fulljid property deprecated. Use boundjid.full
WARNING  fulljid property deprecated. Use boundjid.full
WARNING  fulljid property deprecated. Use boundjid.full
WARNING  fulljid property deprecated. Use boundjid.full
WARNING  Was not able to set all parents in camp1
INFO     Daemonized
WARNING  fulljid property deprecated. Use boundjid.full
WARNING  fulljid property deprecated. Use boundjid.full
WARNING  fulljid property deprecated. Use boundjid.full
WARNING  fulljid property deprecated. Use boundjid.full
WARNING  fulljid property deprecated. Use boundjid.full
WARNING  fulljid property deprecated. Use boundjid.full
WARNING  fulljid property deprecated. Use boundjid.full
WARNING  Was not able to set all parents in camp1
INFO     Daemonized
WARNING  fulljid property deprecated. Use boundjid.full
WARNING  fulljid property deprecated. Use boundjid.full
WARNING  fulljid property deprecated. Use boundjid.full
WARNING  fulljid property deprecated. Use boundjid.full
WARNING  fulljid property deprecated. Use boundjid.full
WARNING  fulljid property deprecated. Use boundjid.full
WARNING  fulljid property deprecated. Use boundjid.full
WARNING  Was not able to set all parents in camp1
INFO     Daemonized
WARNING  fulljid property deprecated. Use boundjid.full
WARNING  fulljid property deprecated. Use boundjid.full
WARNING  fulljid property deprecated. Use boundjid.full
WARNING  fulljid property deprecated. Use boundjid.full
WARNING  fulljid property deprecated. Use boundjid.full
WARNING  fulljid property deprecated. Use boundjid.full
WARNING  fulljid property deprecated. Use boundjid.full
WARNING  Was not able to set all parents in camp1
INFO     Daemonized
WARNING  fulljid property deprecated. Use boundjid.full
WARNING  fulljid property deprecated. Use boundjid.full
WARNING  fulljid property deprecated. Use boundjid.full
WARNING  fulljid property deprecated. Use boundjid.full
WARNING  fulljid property deprecated. Use boundjid.full
WARNING  fulljid property deprecated. Use boundjid.full
WARNING  fulljid property deprecated. Use boundjid.full
WARNING  Was not able to set all parents in camp1
INFO     Daemonized
WARNING  fulljid property deprecated. Use boundjid.full
WARNING  fulljid property deprecated. Use boundjid.full
WARNING  fulljid property deprecated. Use boundjid.full
WARNING  fulljid property deprecated. Use boundjid.full
WARNING  fulljid property deprecated. Use boundjid.full
WARNING  fulljid property deprecated. Use boundjid.full
WARNING  fulljid property deprecated. Use boundjid.full
WARNING  Was not able to set all parents in camp1
WARNING  Failed to send </stream:stream>
ERROR    Could not connect to 147.102.6.34:5060. Socket Error #10061: No connection could be made because the target machine actively refused it
ERROR    Could not connect to 147.102.6.34:5060. Socket Error #10061: No connection could be made because the target machine actively refused it
WARNING  Failed to send <stream:stream xmlns="jabber:component:accept" xmlns:stream="http://etherx.jabber.org/streams" to='publishsubscribe@facebooknode'>
ERROR    Could not connect to 147.102.6.34:5060. Socket Error #10061: No connection could be made because the target machine actively refused it
ERROR    Could not connect to 147.102.6.34:5060. Socket Error #10061: No connection could be made because the target machine actively refused it
WARNING  Failed to send <stream:stream xmlns="jabber:component:accept" xmlns:stream="http://etherx.jabber.org/streams" to='publishsubscribe@facebooknode'>
ERROR    Could not connect to 147.102.6.34:5060. Socket Error #10061: No connection could be made because the target machine actively refused it
ERROR    Could not connect to 147.102.6.34:5060. Socket Error #10061: No connection could be made because the target machine actively refused it
WARNING  Failed to send <stream:stream xmlns="jabber:component:accept" xmlns:stream="http://etherx.jabber.org/streams" to='publishsubscribe@facebooknode'>
ERROR    Could not connect to 147.102.6.34:5060. Socket Error #10061: No connection could be made because the target machine actively refused it
ERROR    Could not connect to 147.102.6.34:5060. Socket Error #10061: No connection could be made because the target machine actively refused it
WARNING  Failed to send <stream:stream xmlns="jabber:component:accept" xmlns:stream="http://etherx.jabber.org/streams" to='publishsubscribe@facebooknode'>
ERROR    Could not connect to 147.102.6.34:5060. Socket Error #10061: No connection could be made because the target machine actively refused it
ERROR    Could not connect to 147.102.6.34:5060. Socket Error #10061: No connection could be made because the target machine actively refused it
WARNING  Failed to send <stream:stream xmlns="jabber:component:accept" xmlns:stream="http://etherx.jabber.org/streams" to='publishsubscribe@facebooknode'>
ERROR    Could not connect to 147.102.6.34:5060. Socket Error #10061: No connection could be made because the target machine actively refused it
ERROR    Could not connect to 147.102.6.34:5060. Socket Error #10061: No connection could be made because the target machine actively refused it
WARNING  Failed to send <stream:stream xmlns="jabber:component:accept" xmlns:stream="http://etherx.jabber.org/streams" to='publishsubscribe@facebooknode'>
ERROR    Could not connect to 147.102.6.34:5060. Socket Error #10061: No connection could be made because the target machine actively refused it
ERROR    Could not connect to 147.102.6.34:5060. Socket Error #10061: No connection could be made because the target machine actively refused it
WARNING  Failed to send <stream:stream xmlns="jabber:component:accept" xmlns:stream="http://etherx.jabber.org/streams" to='publishsubscribe@facebooknode'>
INFO     Daemonized
WARNING  fulljid property deprecated. Use boundjid.full
WARNING  fulljid property deprecated. Use boundjid.full
WARNING  fulljid property deprecated. Use boundjid.full
WARNING  fulljid property deprecated. Use boundjid.full
WARNING  fulljid property deprecated. Use boundjid.full
WARNING  fulljid property deprecated. Use boundjid.full
WARNING  fulljid property deprecated. Use boundjid.full
WARNING  Was not able to set all parents in camp1
WARNING  Failed to send </stream:stream>
WARNING  Failed to send </stream:stream>
WARNING  Failed to send </stream:stream>
WARNING  Failed to send </stream:stream>
WARNING  Failed to send </stream:stream>
WARNING  Failed to send <stream:stream xmlns="jabber:component:accept" xmlns:stream="http://etherx.jabber.org/streams" to='publishsubscribe@facebooknode'>
WARNING  Failed to send </stream:stream>
INFO     Daemonized
WARNING  fulljid property deprecated. Use boundjid.full
WARNING  fulljid property deprecated. Use boundjid.full
WARNING  fulljid property deprecated. Use boundjid.full
WARNING  fulljid property deprecated. Use boundjid.full
WARNING  fulljid property deprecated. Use boundjid.full
WARNING  fulljid property deprecated. Use boundjid.full
WARNING  fulljid property deprecated. Use boundjid.full
WARNING  Was not able to set all parents in camp1
ERROR    Error processing stream handler: pubsub create
Traceback (most recent call last):
  File "C:\Python26\lib\site-packages\sleekxmpp\xmlstream\xmlstream.py", line 889, in _event_runner
    handler.run(args[0])
  File "C:\Python26\lib\site-packages\sleekxmpp\xmlstream\handler\callback.py", line 82, in run
    self._pointer(payload)
  File "C:\Users\GIC\workspace\padgets-xmpp-components\src\fritzy-SleekPubsub-cb964b2\sleekpubsub\__init__.py", line 559, in handleCreateNode
    raise XMPPError('conflict', etype='cancel')
XMPPError
ERROR    Error processing stream handler: pubsub create
Traceback (most recent call last):
  File "C:\Python26\lib\site-packages\sleekxmpp\xmlstream\xmlstream.py", line 889, in _event_runner
    handler.run(args[0])
  File "C:\Python26\lib\site-packages\sleekxmpp\xmlstream\handler\callback.py", line 82, in run
    self._pointer(payload)
  File "C:\Users\GIC\workspace\padgets-xmpp-components\src\fritzy-SleekPubsub-cb964b2\sleekpubsub\__init__.py", line 559, in handleCreateNode
    raise XMPPError('conflict', etype='cancel')
XMPPError
ERROR    Error processing stream handler: pubsub create
Traceback (most recent call last):
  File "C:\Python26\lib\site-packages\sleekxmpp\xmlstream\xmlstream.py", line 889, in _event_runner
    handler.run(args[0])
  File "C:\Python26\lib\site-packages\sleekxmpp\xmlstream\handler\callback.py", line 82, in run
    self._pointer(payload)
  File "C:\Users\GIC\workspace\padgets-xmpp-components\src\fritzy-SleekPubsub-cb964b2\sleekpubsub\__init__.py", line 559, in handleCreateNode
    raise XMPPError('conflict', etype='cancel')
XMPPError
INFO     Daemonized
WARNING  fulljid property deprecated. Use boundjid.full
WARNING  fulljid property deprecated. Use boundjid.full
WARNING  fulljid property deprecated. Use boundjid.full
WARNING  fulljid property deprecated. Use boundjid.full
WARNING  fulljid property deprecated. Use boundjid.full
WARNING  fulljid property deprecated. Use boundjid.full
WARNING  fulljid property deprecated. Use boundjid.full
WARNING  Was not able to set all parents in camp1
INFO     Daemonized
WARNING  fulljid property deprecated. Use boundjid.full
WARNING  fulljid property deprecated. Use boundjid.full
WARNING  fulljid property deprecated. Use boundjid.full
WARNING  fulljid property deprecated. Use boundjid.full
WARNING  fulljid property deprecated. Use boundjid.full
WARNING  fulljid property deprecated. Use boundjid.full
WARNING  fulljid property deprecated. Use boundjid.full
WARNING  Was not able to set all parents in camp1
INFO     Daemonized
WARNING  fulljid property deprecated. Use boundjid.full
WARNING  fulljid property deprecated. Use boundjid.full
WARNING  fulljid property deprecated. Use boundjid.full
WARNING  fulljid property deprecated. Use boundjid.full
WARNING  fulljid property deprecated. Use boundjid.full
WARNING  fulljid property deprecated. Use boundjid.full
WARNING  fulljid property deprecated. Use boundjid.full
WARNING  Was not able to set all parents in camp1
WARNING  Was not able to set all parents in face1
INFO     Daemonized
WARNING  fulljid property deprecated. Use boundjid.full
WARNING  fulljid property deprecated. Use boundjid.full
WARNING  fulljid property deprecated. Use boundjid.full
WARNING  fulljid property deprecated. Use boundjid.full
WARNING  fulljid property deprecated. Use boundjid.full
WARNING  fulljid property deprecated. Use boundjid.full
WARNING  fulljid property deprecated. Use boundjid.full
WARNING  Was not able to set all parents in camp1
WARNING  Was not able to set all parents in face1
INFO     Daemonized
WARNING  fulljid property deprecated. Use boundjid.full
WARNING  fulljid property deprecated. Use boundjid.full
WARNING  fulljid property deprecated. Use boundjid.full
WARNING  fulljid property deprecated. Use boundjid.full
WARNING  fulljid property deprecated. Use boundjid.full
WARNING  fulljid property deprecated. Use boundjid.full
WARNING  fulljid property deprecated. Use boundjid.full
WARNING  Was not able to set all parents in camp1
WARNING  Was not able to set all parents in face1
INFO     Daemonized
WARNING  fulljid property deprecated. Use boundjid.full
WARNING  fulljid property deprecated. Use boundjid.full
WARNING  fulljid property deprecated. Use boundjid.full
WARNING  fulljid property deprecated. Use boundjid.full
WARNING  fulljid property deprecated. Use boundjid.full
WARNING  fulljid property deprecated. Use boundjid.full
WARNING  fulljid property deprecated. Use boundjid.full
INFO     Daemonized
WARNING  fulljid property deprecated. Use boundjid.full
WARNING  fulljid property deprecated. Use boundjid.full
WARNING  fulljid property deprecated. Use boundjid.full
WARNING  fulljid property deprecated. Use boundjid.full
WARNING  fulljid property deprecated. Use boundjid.full
WARNING  fulljid property deprecated. Use boundjid.full
WARNING  fulljid property deprecated. Use boundjid.full
WARNING  Was not able to set all parents in face1
INFO     Daemonized
WARNING  fulljid property deprecated. Use boundjid.full
WARNING  fulljid property deprecated. Use boundjid.full
WARNING  fulljid property deprecated. Use boundjid.full
WARNING  fulljid property deprecated. Use boundjid.full
WARNING  fulljid property deprecated. Use boundjid.full
WARNING  fulljid property deprecated. Use boundjid.full
WARNING  fulljid property deprecated. Use boundjid.full
WARNING  Was not able to set all parents in face1
ERROR    Error processing event handler: <bound method PublishSubscribe.handleIncomingMessage of <sleekpubsub.PublishSubscribe object at 0x0000000002FD6160>>
Traceback (most recent call last):
  File "C:\Python26\lib\site-packages\sleekxmpp\xmlstream\xmlstream.py", line 910, in _event_runner
    func(*args)
  File "C:\Users\GIC\workspace\padgets-xmpp-components\src\fritzy-SleekPubsub-cb964b2\sleekpubsub\__init__.py", line 226, in handleIncomingMessage
    self.admin.create_node_tr(b[25:])
  File "C:\Users\GIC\workspace\padgets-xmpp-components\src\fritzy-SleekPubsub-cb964b2\sleekpubsub\admin.py", line 73, in create_node_tr
    NodeAccess().subscribenode(self.pubsub,node,"bg_comp@gic")
  File "C:\Users\GIC\workspace\padgets-xmpp-components\src\fritzy-SleekPubsub-cb964b2\sleekpubsub\nodehandler.py", line 28, in subscribenode
    pbobj.subscribeNode(thenode,subscriber)
  File "C:\Users\GIC\workspace\padgets-xmpp-components\src\fritzy-SleekPubsub-cb964b2\sleekpubsub\__init__.py", line 608, in subscribeNode
    return self.nodes[node].subscribe(jid, who, to=to)
  File "C:\Users\GIC\workspace\padgets-xmpp-components\src\fritzy-SleekPubsub-cb964b2\sleekpubsub\node.py", line 395, in subscribe
    self.dbLoad()
  File "C:\Users\GIC\workspace\padgets-xmpp-components\src\fritzy-SleekPubsub-cb964b2\sleekpubsub\node.py", line 314, in dbLoad
    self.db._createNode(self.name, self.config, self.affiliations, self.items)
  File "C:\Users\GIC\workspace\padgets-xmpp-components\src\fritzy-SleekPubsub-cb964b2\sleekpubsub\db.py", line 117, in _createNode
    c.execute('insert into node (name, config, type) values(?,?,?)', (node, pickle.dumps(config), config.get('pubsub#node_type', 'leaf')))
OperationalError: cannot start a transaction within a transaction
INFO     Daemonized
WARNING  fulljid property deprecated. Use boundjid.full
WARNING  fulljid property deprecated. Use boundjid.full
WARNING  fulljid property deprecated. Use boundjid.full
WARNING  fulljid property deprecated. Use boundjid.full
WARNING  fulljid property deprecated. Use boundjid.full
WARNING  fulljid property deprecated. Use boundjid.full
WARNING  fulljid property deprecated. Use boundjid.full
WARNING  Was not able to set all parents in face1
WARNING  Was not able to set all parents in face2
INFO     Daemonized
WARNING  fulljid property deprecated. Use boundjid.full
WARNING  fulljid property deprecated. Use boundjid.full
WARNING  fulljid property deprecated. Use boundjid.full
WARNING  fulljid property deprecated. Use boundjid.full
WARNING  fulljid property deprecated. Use boundjid.full
WARNING  fulljid property deprecated. Use boundjid.full
WARNING  fulljid property deprecated. Use boundjid.full
WARNING  Was not able to set all parents in face1
WARNING  Was not able to set all parents in face2
WARNING  Was not able to set all parents in face3
INFO     Daemonized
WARNING  fulljid property deprecated. Use boundjid.full
WARNING  fulljid property deprecated. Use boundjid.full
WARNING  fulljid property deprecated. Use boundjid.full
WARNING  fulljid property deprecated. Use boundjid.full
WARNING  fulljid property deprecated. Use boundjid.full
WARNING  fulljid property deprecated. Use boundjid.full
WARNING  fulljid property deprecated. Use boundjid.full
WARNING  Was not able to set all parents in face1
WARNING  Was not able to set all parents in face2
WARNING  Was not able to set all parents in face3
INFO     Daemonized
WARNING  fulljid property deprecated. Use boundjid.full
WARNING  fulljid property deprecated. Use boundjid.full
WARNING  fulljid property deprecated. Use boundjid.full
WARNING  fulljid property deprecated. Use boundjid.full
WARNING  fulljid property deprecated. Use boundjid.full
WARNING  fulljid property deprecated. Use boundjid.full
WARNING  fulljid property deprecated. Use boundjid.full
WARNING  Was not able to set all parents in face1
WARNING  Was not able to set all parents in face2
WARNING  Was not able to set all parents in face3
INFO     Daemonized
WARNING  fulljid property deprecated. Use boundjid.full
WARNING  fulljid property deprecated. Use boundjid.full
WARNING  fulljid property deprecated. Use boundjid.full
WARNING  fulljid property deprecated. Use boundjid.full
WARNING  fulljid property deprecated. Use boundjid.full
WARNING  fulljid property deprecated. Use boundjid.full
WARNING  fulljid property deprecated. Use boundjid.full
WARNING  Was not able to set all parents in face1
WARNING  Was not able to set all parents in face2
WARNING  Was not able to set all parents in face3
INFO     Daemonized
WARNING  fulljid property deprecated. Use boundjid.full
WARNING  fulljid property deprecated. Use boundjid.full
WARNING  fulljid property deprecated. Use boundjid.full
WARNING  fulljid property deprecated. Use boundjid.full
WARNING  fulljid property deprecated. Use boundjid.full
WARNING  fulljid property deprecated. Use boundjid.full
WARNING  fulljid property deprecated. Use boundjid.full
WARNING  Was not able to set all parents in face1
WARNING  Was not able to set all parents in face2
WARNING  Was not able to set all parents in face3
WARNING  Was not able to set all parents in face3
WARNING  Was not able to set all parents in face3
INFO     Daemonized
WARNING  fulljid property deprecated. Use boundjid.full
WARNING  fulljid property deprecated. Use boundjid.full
WARNING  fulljid property deprecated. Use boundjid.full
WARNING  fulljid property deprecated. Use boundjid.full
WARNING  fulljid property deprecated. Use boundjid.full
WARNING  fulljid property deprecated. Use boundjid.full
WARNING  fulljid property deprecated. Use boundjid.full
WARNING  Was not able to set all parents in face1
WARNING  Was not able to set all parents in face2
WARNING  Was not able to set all parents in face3
INFO     Daemonized
WARNING  fulljid property deprecated. Use boundjid.full
WARNING  fulljid property deprecated. Use boundjid.full
WARNING  fulljid property deprecated. Use boundjid.full
WARNING  fulljid property deprecated. Use boundjid.full
WARNING  fulljid property deprecated. Use boundjid.full
WARNING  fulljid property deprecated. Use boundjid.full
WARNING  fulljid property deprecated. Use boundjid.full
WARNING  Was not able to set all parents in face1
WARNING  Was not able to set all parents in face2
WARNING  Was not able to set all parents in face3
INFO     Daemonized
WARNING  fulljid property deprecated. Use boundjid.full
WARNING  fulljid property deprecated. Use boundjid.full
WARNING  fulljid property deprecated. Use boundjid.full
WARNING  fulljid property deprecated. Use boundjid.full
WARNING  fulljid property deprecated. Use boundjid.full
WARNING  fulljid property deprecated. Use boundjid.full
WARNING  fulljid property deprecated. Use boundjid.full
WARNING  Was not able to set all parents in face1
WARNING  Was not able to set all parents in face2
WARNING  Was not able to set all parents in face3
INFO     Daemonized
WARNING  fulljid property deprecated. Use boundjid.full
WARNING  fulljid property deprecated. Use boundjid.full
WARNING  fulljid property deprecated. Use boundjid.full
WARNING  fulljid property deprecated. Use boundjid.full
WARNING  fulljid property deprecated. Use boundjid.full
WARNING  fulljid property deprecated. Use boundjid.full
WARNING  fulljid property deprecated. Use boundjid.full
WARNING  Was not able to set all parents in face1
WARNING  Was not able to set all parents in face2
WARNING  Was not able to set all parents in face3
INFO     Daemonized
WARNING  fulljid property deprecated. Use boundjid.full
WARNING  fulljid property deprecated. Use boundjid.full
WARNING  fulljid property deprecated. Use boundjid.full
WARNING  fulljid property deprecated. Use boundjid.full
WARNING  fulljid property deprecated. Use boundjid.full
WARNING  fulljid property deprecated. Use boundjid.full
WARNING  fulljid property deprecated. Use boundjid.full
WARNING  Was not able to set all parents in face1
WARNING  Was not able to set all parents in face2
WARNING  Was not able to set all parents in face3
INFO     Daemonized
WARNING  fulljid property deprecated. Use boundjid.full
WARNING  fulljid property deprecated. Use boundjid.full
WARNING  fulljid property deprecated. Use boundjid.full
WARNING  fulljid property deprecated. Use boundjid.full
WARNING  fulljid property deprecated. Use boundjid.full
WARNING  fulljid property deprecated. Use boundjid.full
WARNING  fulljid property deprecated. Use boundjid.full
WARNING  Was not able to set all parents in face1
WARNING  Was not able to set all parents in face2
WARNING  Was not able to set all parents in face3
INFO     Daemonized
WARNING  fulljid property deprecated. Use boundjid.full
WARNING  fulljid property deprecated. Use boundjid.full
WARNING  fulljid property deprecated. Use boundjid.full
WARNING  fulljid property deprecated. Use boundjid.full
WARNING  fulljid property deprecated. Use boundjid.full
WARNING  fulljid property deprecated. Use boundjid.full
WARNING  fulljid property deprecated. Use boundjid.full
WARNING  Was not able to set all parents in menno
WARNING  Was not able to set all parents in face1
WARNING  Was not able to set all parents in face2
WARNING  Was not able to set all parents in face3
INFO     Daemonized
WARNING  fulljid property deprecated. Use boundjid.full
WARNING  fulljid property deprecated. Use boundjid.full
WARNING  fulljid property deprecated. Use boundjid.full
WARNING  fulljid property deprecated. Use boundjid.full
WARNING  fulljid property deprecated. Use boundjid.full
WARNING  fulljid property deprecated. Use boundjid.full
WARNING  fulljid property deprecated. Use boundjid.full
WARNING  Was not able to set all parents in menno
WARNING  Was not able to set all parents in face1
WARNING  Was not able to set all parents in face2
WARNING  Was not able to set all parents in face3
INFO     Daemonized
WARNING  fulljid property deprecated. Use boundjid.full
WARNING  fulljid property deprecated. Use boundjid.full
WARNING  fulljid property deprecated. Use boundjid.full
WARNING  fulljid property deprecated. Use boundjid.full
WARNING  fulljid property deprecated. Use boundjid.full
WARNING  fulljid property deprecated. Use boundjid.full
WARNING  fulljid property deprecated. Use boundjid.full
WARNING  Was not able to set all parents in menno
WARNING  Was not able to set all parents in face1
WARNING  Was not able to set all parents in face2
WARNING  Was not able to set all parents in face3
INFO     Daemonized
WARNING  fulljid property deprecated. Use boundjid.full
WARNING  fulljid property deprecated. Use boundjid.full
WARNING  fulljid property deprecated. Use boundjid.full
WARNING  fulljid property deprecated. Use boundjid.full
WARNING  fulljid property deprecated. Use boundjid.full
WARNING  fulljid property deprecated. Use boundjid.full
WARNING  fulljid property deprecated. Use boundjid.full
WARNING  Was not able to set all parents in menno
WARNING  Was not able to set all parents in face1
WARNING  Was not able to set all parents in face2
WARNING  Was not able to set all parents in face3
INFO     Daemonized
WARNING  fulljid property deprecated. Use boundjid.full
WARNING  fulljid property deprecated. Use boundjid.full
WARNING  fulljid property deprecated. Use boundjid.full
WARNING  fulljid property deprecated. Use boundjid.full
WARNING  fulljid property deprecated. Use boundjid.full
WARNING  fulljid property deprecated. Use boundjid.full
WARNING  fulljid property deprecated. Use boundjid.full
WARNING  Was not able to set all parents in menno
WARNING  Was not able to set all parents in face1
WARNING  Was not able to set all parents in face2
WARNING  Was not able to set all parents in face3
INFO     Daemonized
WARNING  fulljid property deprecated. Use boundjid.full
WARNING  fulljid property deprecated. Use boundjid.full
WARNING  fulljid property deprecated. Use boundjid.full
WARNING  fulljid property deprecated. Use boundjid.full
WARNING  fulljid property deprecated. Use boundjid.full
WARNING  fulljid property deprecated. Use boundjid.full
WARNING  fulljid property deprecated. Use boundjid.full
WARNING  Was not able to set all parents in menno
WARNING  Was not able to set all parents in face1
WARNING  Was not able to set all parents in face2
WARNING  Was not able to set all parents in face3
INFO     Daemonized
WARNING  fulljid property deprecated. Use boundjid.full
WARNING  fulljid property deprecated. Use boundjid.full
WARNING  fulljid property deprecated. Use boundjid.full
WARNING  fulljid property deprecated. Use boundjid.full
WARNING  fulljid property deprecated. Use boundjid.full
WARNING  fulljid property deprecated. Use boundjid.full
WARNING  fulljid property deprecated. Use boundjid.full
WARNING  Was not able to set all parents in menno
WARNING  Was not able to set all parents in face1
WARNING  Was not able to set all parents in face2
WARNING  Was not able to set all parents in face3
INFO     Daemonized
WARNING  fulljid property deprecated. Use boundjid.full
WARNING  fulljid property deprecated. Use boundjid.full
WARNING  fulljid property deprecated. Use boundjid.full
WARNING  fulljid property deprecated. Use boundjid.full
WARNING  fulljid property deprecated. Use boundjid.full
WARNING  fulljid property deprecated. Use boundjid.full
WARNING  fulljid property deprecated. Use boundjid.full
WARNING  Was not able to set all parents in menno
WARNING  Was not able to set all parents in face1
WARNING  Was not able to set all parents in face2
WARNING  Was not able to set all parents in face3
INFO     Daemonized
WARNING  fulljid property deprecated. Use boundjid.full
WARNING  fulljid property deprecated. Use boundjid.full
WARNING  fulljid property deprecated. Use boundjid.full
WARNING  fulljid property deprecated. Use boundjid.full
WARNING  fulljid property deprecated. Use boundjid.full
WARNING  fulljid property deprecated. Use boundjid.full
WARNING  fulljid property deprecated. Use boundjid.full
WARNING  Was not able to set all parents in menno
WARNING  Was not able to set all parents in face1
WARNING  Was not able to set all parents in face2
WARNING  Was not able to set all parents in face3
INFO     Daemonized
WARNING  fulljid property deprecated. Use boundjid.full
WARNING  fulljid property deprecated. Use boundjid.full
WARNING  fulljid property deprecated. Use boundjid.full
WARNING  fulljid property deprecated. Use boundjid.full
WARNING  fulljid property deprecated. Use boundjid.full
WARNING  fulljid property deprecated. Use boundjid.full
WARNING  fulljid property deprecated. Use boundjid.full
WARNING  Was not able to set all parents in menno
WARNING  Was not able to set all parents in face1
WARNING  Was not able to set all parents in face2
WARNING  Was not able to set all parents in face3
INFO     Daemonized
WARNING  fulljid property deprecated. Use boundjid.full
WARNING  fulljid property deprecated. Use boundjid.full
WARNING  fulljid property deprecated. Use boundjid.full
WARNING  fulljid property deprecated. Use boundjid.full
WARNING  fulljid property deprecated. Use boundjid.full
WARNING  fulljid property deprecated. Use boundjid.full
WARNING  fulljid property deprecated. Use boundjid.full
WARNING  Was not able to set all parents in menno
WARNING  Was not able to set all parents in face1
WARNING  Was not able to set all parents in face2
WARNING  Was not able to set all parents in face3
INFO     Daemonized
WARNING  fulljid property deprecated. Use boundjid.full
WARNING  fulljid property deprecated. Use boundjid.full
WARNING  fulljid property deprecated. Use boundjid.full
WARNING  fulljid property deprecated. Use boundjid.full
WARNING  fulljid property deprecated. Use boundjid.full
WARNING  fulljid property deprecated. Use boundjid.full
WARNING  fulljid property deprecated. Use boundjid.full
WARNING  Was not able to set all parents in menno
WARNING  Was not able to set all parents in face4
WARNING  Was not able to set all parents in face1
WARNING  Was not able to set all parents in face2
WARNING  Was not able to set all parents in face3
INFO     Daemonized
WARNING  fulljid property deprecated. Use boundjid.full
WARNING  fulljid property deprecated. Use boundjid.full
WARNING  fulljid property deprecated. Use boundjid.full
WARNING  fulljid property deprecated. Use boundjid.full
WARNING  fulljid property deprecated. Use boundjid.full
WARNING  fulljid property deprecated. Use boundjid.full
WARNING  fulljid property deprecated. Use boundjid.full
WARNING  Was not able to set all parents in menno
WARNING  Was not able to set all parents in face4
WARNING  Was not able to set all parents in face1
WARNING  Was not able to set all parents in face2
WARNING  Was not able to set all parents in face3
WARNING  Was not able to set all parents in face4
WARNING  Was not able to set all parents in face4
INFO     Daemonized
WARNING  fulljid property deprecated. Use boundjid.full
WARNING  fulljid property deprecated. Use boundjid.full
WARNING  fulljid property deprecated. Use boundjid.full
WARNING  fulljid property deprecated. Use boundjid.full
WARNING  fulljid property deprecated. Use boundjid.full
WARNING  fulljid property deprecated. Use boundjid.full
WARNING  fulljid property deprecated. Use boundjid.full
WARNING  Was not able to set all parents in menno
WARNING  Was not able to set all parents in face4
WARNING  Was not able to set all parents in face1
WARNING  Was not able to set all parents in face2
WARNING  Was not able to set all parents in face3
INFO     Daemonized
WARNING  fulljid property deprecated. Use boundjid.full
WARNING  fulljid property deprecated. Use boundjid.full
WARNING  fulljid property deprecated. Use boundjid.full
WARNING  fulljid property deprecated. Use boundjid.full
WARNING  fulljid property deprecated. Use boundjid.full
WARNING  fulljid property deprecated. Use boundjid.full
WARNING  fulljid property deprecated. Use boundjid.full
WARNING  Was not able to set all parents in menno
WARNING  Was not able to set all parents in face4
WARNING  Was not able to set all parents in face1
WARNING  Was not able to set all parents in face2
WARNING  Was not able to set all parents in face3
INFO     Daemonized
WARNING  fulljid property deprecated. Use boundjid.full
WARNING  fulljid property deprecated. Use boundjid.full
WARNING  fulljid property deprecated. Use boundjid.full
WARNING  fulljid property deprecated. Use boundjid.full
WARNING  fulljid property deprecated. Use boundjid.full
WARNING  fulljid property deprecated. Use boundjid.full
WARNING  fulljid property deprecated. Use boundjid.full
WARNING  Was not able to set all parents in menno
WARNING  Was not able to set all parents in face4
WARNING  Was not able to set all parents in face1
WARNING  Was not able to set all parents in face2
WARNING  Was not able to set all parents in face3
INFO     Daemonized
WARNING  fulljid property deprecated. Use boundjid.full
WARNING  fulljid property deprecated. Use boundjid.full
WARNING  fulljid property deprecated. Use boundjid.full
WARNING  fulljid property deprecated. Use boundjid.full
WARNING  fulljid property deprecated. Use boundjid.full
WARNING  fulljid property deprecated. Use boundjid.full
WARNING  fulljid property deprecated. Use boundjid.full
WARNING  Was not able to set all parents in menno
WARNING  Was not able to set all parents in face4
WARNING  Was not able to set all parents in face1
WARNING  Was not able to set all parents in face2
WARNING  Was not able to set all parents in face3
INFO     Daemonized
WARNING  fulljid property deprecated. Use boundjid.full
WARNING  fulljid property deprecated. Use boundjid.full
WARNING  fulljid property deprecated. Use boundjid.full
WARNING  fulljid property deprecated. Use boundjid.full
WARNING  fulljid property deprecated. Use boundjid.full
WARNING  fulljid property deprecated. Use boundjid.full
WARNING  fulljid property deprecated. Use boundjid.full
WARNING  Was not able to set all parents in menno
WARNING  Was not able to set all parents in face4
WARNING  Was not able to set all parents in face1
WARNING  Was not able to set all parents in face2
WARNING  Was not able to set all parents in face3
INFO     Daemonized
WARNING  fulljid property deprecated. Use boundjid.full
WARNING  fulljid property deprecated. Use boundjid.full
WARNING  fulljid property deprecated. Use boundjid.full
WARNING  fulljid property deprecated. Use boundjid.full
WARNING  fulljid property deprecated. Use boundjid.full
WARNING  fulljid property deprecated. Use boundjid.full
WARNING  fulljid property deprecated. Use boundjid.full
WARNING  Was not able to set all parents in menno
WARNING  Was not able to set all parents in face4
WARNING  Was not able to set all parents in face1
WARNING  Was not able to set all parents in face2
WARNING  Was not able to set all parents in face3
INFO     Daemonized
WARNING  fulljid property deprecated. Use boundjid.full
WARNING  fulljid property deprecated. Use boundjid.full
WARNING  fulljid property deprecated. Use boundjid.full
WARNING  fulljid property deprecated. Use boundjid.full
WARNING  fulljid property deprecated. Use boundjid.full
WARNING  fulljid property deprecated. Use boundjid.full
WARNING  fulljid property deprecated. Use boundjid.full
WARNING  Was not able to set all parents in menno
WARNING  Was not able to set all parents in face4
WARNING  Was not able to set all parents in face1
WARNING  Was not able to set all parents in face2
WARNING  Was not able to set all parents in face3
INFO     Daemonized
WARNING  fulljid property deprecated. Use boundjid.full
WARNING  fulljid property deprecated. Use boundjid.full
WARNING  fulljid property deprecated. Use boundjid.full
WARNING  fulljid property deprecated. Use boundjid.full
WARNING  fulljid property deprecated. Use boundjid.full
WARNING  fulljid property deprecated. Use boundjid.full
WARNING  fulljid property deprecated. Use boundjid.full
WARNING  Was not able to set all parents in menno
WARNING  Was not able to set all parents in face4
WARNING  Was not able to set all parents in face1
WARNING  Was not able to set all parents in face2
WARNING  Was not able to set all parents in face3
INFO     Daemonized
WARNING  fulljid property deprecated. Use boundjid.full
WARNING  fulljid property deprecated. Use boundjid.full
WARNING  fulljid property deprecated. Use boundjid.full
WARNING  fulljid property deprecated. Use boundjid.full
WARNING  fulljid property deprecated. Use boundjid.full
WARNING  fulljid property deprecated. Use boundjid.full
WARNING  fulljid property deprecated. Use boundjid.full
WARNING  Was not able to set all parents in menno
WARNING  Was not able to set all parents in face4
WARNING  Was not able to set all parents in face1
WARNING  Was not able to set all parents in face2
WARNING  Was not able to set all parents in face3
INFO     Daemonized
WARNING  fulljid property deprecated. Use boundjid.full
WARNING  fulljid property deprecated. Use boundjid.full
WARNING  fulljid property deprecated. Use boundjid.full
WARNING  fulljid property deprecated. Use boundjid.full
WARNING  fulljid property deprecated. Use boundjid.full
WARNING  fulljid property deprecated. Use boundjid.full
WARNING  fulljid property deprecated. Use boundjid.full
WARNING  Was not able to set all parents in menno
WARNING  Was not able to set all parents in face4
WARNING  Was not able to set all parents in face1
WARNING  Was not able to set all parents in face2
WARNING  Was not able to set all parents in face3
INFO     Daemonized
WARNING  fulljid property deprecated. Use boundjid.full
WARNING  fulljid property deprecated. Use boundjid.full
WARNING  fulljid property deprecated. Use boundjid.full
WARNING  fulljid property deprecated. Use boundjid.full
WARNING  fulljid property deprecated. Use boundjid.full
WARNING  fulljid property deprecated. Use boundjid.full
WARNING  fulljid property deprecated. Use boundjid.full
WARNING  Was not able to set all parents in menno
WARNING  Was not able to set all parents in face4
WARNING  Was not able to set all parents in face1
WARNING  Was not able to set all parents in face2
WARNING  Was not able to set all parents in face3
INFO     Daemonized
WARNING  fulljid property deprecated. Use boundjid.full
WARNING  fulljid property deprecated. Use boundjid.full
WARNING  fulljid property deprecated. Use boundjid.full
WARNING  fulljid property deprecated. Use boundjid.full
WARNING  fulljid property deprecated. Use boundjid.full
WARNING  fulljid property deprecated. Use boundjid.full
WARNING  fulljid property deprecated. Use boundjid.full
WARNING  Was not able to set all parents in menno
WARNING  Was not able to set all parents in face4
WARNING  Was not able to set all parents in face1
WARNING  Was not able to set all parents in face2
WARNING  Was not able to set all parents in face3
INFO     Daemonized
WARNING  fulljid property deprecated. Use boundjid.full
WARNING  fulljid property deprecated. Use boundjid.full
WARNING  fulljid property deprecated. Use boundjid.full
WARNING  fulljid property deprecated. Use boundjid.full
WARNING  fulljid property deprecated. Use boundjid.full
WARNING  fulljid property deprecated. Use boundjid.full
WARNING  fulljid property deprecated. Use boundjid.full
WARNING  Was not able to set all parents in menno
WARNING  Was not able to set all parents in face4
WARNING  Was not able to set all parents in face1
WARNING  Was not able to set all parents in face2
WARNING  Was not able to set all parents in face3
INFO     Daemonized
WARNING  fulljid property deprecated. Use boundjid.full
WARNING  fulljid property deprecated. Use boundjid.full
WARNING  fulljid property deprecated. Use boundjid.full
WARNING  fulljid property deprecated. Use boundjid.full
WARNING  fulljid property deprecated. Use boundjid.full
WARNING  fulljid property deprecated. Use boundjid.full
WARNING  fulljid property deprecated. Use boundjid.full
WARNING  Was not able to set all parents in menno
WARNING  Was not able to set all parents in face4
WARNING  Was not able to set all parents in face1
WARNING  Was not able to set all parents in face2
WARNING  Was not able to set all parents in face3
INFO     Daemonized
WARNING  fulljid property deprecated. Use boundjid.full
WARNING  fulljid property deprecated. Use boundjid.full
WARNING  fulljid property deprecated. Use boundjid.full
WARNING  fulljid property deprecated. Use boundjid.full
WARNING  fulljid property deprecated. Use boundjid.full
WARNING  fulljid property deprecated. Use boundjid.full
WARNING  fulljid property deprecated. Use boundjid.full
WARNING  Was not able to set all parents in menno
WARNING  Was not able to set all parents in face4
WARNING  Was not able to set all parents in face1
WARNING  Was not able to set all parents in face2
WARNING  Was not able to set all parents in face3
WARNING  Was not able to set all parents in face4
WARNING  Was not able to set all parents in face3
INFO     Daemonized
WARNING  fulljid property deprecated. Use boundjid.full
WARNING  fulljid property deprecated. Use boundjid.full
WARNING  fulljid property deprecated. Use boundjid.full
WARNING  fulljid property deprecated. Use boundjid.full
WARNING  fulljid property deprecated. Use boundjid.full
WARNING  fulljid property deprecated. Use boundjid.full
WARNING  fulljid property deprecated. Use boundjid.full
WARNING  Was not able to set all parents in menno
WARNING  Was not able to set all parents in face4
WARNING  Was not able to set all parents in face1
WARNING  Was not able to set all parents in face2
WARNING  Was not able to set all parents in face3
WARNING  Was not able to set all parents in face3
WARNING  Was not able to set all parents in face3
WARNING  Was not able to set all parents in face4
INFO     Daemonized
WARNING  fulljid property deprecated. Use boundjid.full
WARNING  fulljid property deprecated. Use boundjid.full
WARNING  fulljid property deprecated. Use boundjid.full
WARNING  fulljid property deprecated. Use boundjid.full
WARNING  fulljid property deprecated. Use boundjid.full
WARNING  fulljid property deprecated. Use boundjid.full
WARNING  fulljid property deprecated. Use boundjid.full
WARNING  Was not able to set all parents in menno
WARNING  Was not able to set all parents in face4
WARNING  Was not able to set all parents in face1
WARNING  Was not able to set all parents in face2
WARNING  Was not able to set all parents in face3
INFO     Daemonized
WARNING  fulljid property deprecated. Use boundjid.full
WARNING  fulljid property deprecated. Use boundjid.full
WARNING  fulljid property deprecated. Use boundjid.full
WARNING  fulljid property deprecated. Use boundjid.full
WARNING  fulljid property deprecated. Use boundjid.full
WARNING  fulljid property deprecated. Use boundjid.full
WARNING  fulljid property deprecated. Use boundjid.full
WARNING  Was not able to set all parents in menno
WARNING  Was not able to set all parents in face4
WARNING  Was not able to set all parents in face1
WARNING  Was not able to set all parents in face2
WARNING  Was not able to set all parents in face3
INFO     Daemonized
WARNING  fulljid property deprecated. Use boundjid.full
WARNING  fulljid property deprecated. Use boundjid.full
WARNING  fulljid property deprecated. Use boundjid.full
WARNING  fulljid property deprecated. Use boundjid.full
WARNING  fulljid property deprecated. Use boundjid.full
WARNING  fulljid property deprecated. Use boundjid.full
WARNING  fulljid property deprecated. Use boundjid.full
WARNING  Was not able to set all parents in menno
WARNING  Was not able to set all parents in face4
WARNING  Was not able to set all parents in face1
WARNING  Was not able to set all parents in face2
WARNING  Was not able to set all parents in face3
WARNING  Was not able to set all parents in face4
WARNING  Was not able to set all parents in face4
INFO     Daemonized
WARNING  fulljid property deprecated. Use boundjid.full
WARNING  fulljid property deprecated. Use boundjid.full
WARNING  fulljid property deprecated. Use boundjid.full
WARNING  fulljid property deprecated. Use boundjid.full
WARNING  fulljid property deprecated. Use boundjid.full
WARNING  fulljid property deprecated. Use boundjid.full
WARNING  fulljid property deprecated. Use boundjid.full
WARNING  Was not able to set all parents in menno
WARNING  Was not able to set all parents in face4
WARNING  Was not able to set all parents in face1
WARNING  Was not able to set all parents in face2
WARNING  Was not able to set all parents in face3
WARNING  Was not able to set all parents in face4
INFO     Daemonized
WARNING  fulljid property deprecated. Use boundjid.full
WARNING  fulljid property deprecated. Use boundjid.full
WARNING  fulljid property deprecated. Use boundjid.full
WARNING  fulljid property deprecated. Use boundjid.full
WARNING  fulljid property deprecated. Use boundjid.full
WARNING  fulljid property deprecated. Use boundjid.full
WARNING  fulljid property deprecated. Use boundjid.full
WARNING  Was not able to set all parents in menno
WARNING  Was not able to set all parents in face4
WARNING  Was not able to set all parents in face1
WARNING  Was not able to set all parents in face2
WARNING  Was not able to set all parents in face3
INFO     Daemonized
WARNING  fulljid property deprecated. Use boundjid.full
WARNING  fulljid property deprecated. Use boundjid.full
WARNING  fulljid property deprecated. Use boundjid.full
WARNING  fulljid property deprecated. Use boundjid.full
WARNING  fulljid property deprecated. Use boundjid.full
WARNING  fulljid property deprecated. Use boundjid.full
WARNING  fulljid property deprecated. Use boundjid.full
WARNING  Was not able to set all parents in menno
WARNING  Was not able to set all parents in face4
WARNING  Was not able to set all parents in face1
WARNING  Was not able to set all parents in face2
WARNING  Was not able to set all parents in face3
INFO     Daemonized
WARNING  fulljid property deprecated. Use boundjid.full
WARNING  fulljid property deprecated. Use boundjid.full
WARNING  fulljid property deprecated. Use boundjid.full
WARNING  fulljid property deprecated. Use boundjid.full
WARNING  fulljid property deprecated. Use boundjid.full
WARNING  fulljid property deprecated. Use boundjid.full
WARNING  fulljid property deprecated. Use boundjid.full
WARNING  Was not able to set all parents in menno
WARNING  Was not able to set all parents in face4
WARNING  Was not able to set all parents in face1
WARNING  Was not able to set all parents in face2
WARNING  Was not able to set all parents in face3
WARNING  Was not able to set all parents in face4
WARNING  Was not able to set all parents in face4
WARNING  Was not able to set all parents in face4
INFO     Daemonized
WARNING  fulljid property deprecated. Use boundjid.full
WARNING  fulljid property deprecated. Use boundjid.full
WARNING  fulljid property deprecated. Use boundjid.full
WARNING  fulljid property deprecated. Use boundjid.full
WARNING  fulljid property deprecated. Use boundjid.full
WARNING  fulljid property deprecated. Use boundjid.full
WARNING  fulljid property deprecated. Use boundjid.full
WARNING  Was not able to set all parents in menno
WARNING  Was not able to set all parents in face4
WARNING  Was not able to set all parents in face1
WARNING  Was not able to set all parents in face2
WARNING  Was not able to set all parents in face3
INFO     Daemonized
WARNING  fulljid property deprecated. Use boundjid.full
WARNING  fulljid property deprecated. Use boundjid.full
WARNING  fulljid property deprecated. Use boundjid.full
WARNING  fulljid property deprecated. Use boundjid.full
WARNING  fulljid property deprecated. Use boundjid.full
WARNING  fulljid property deprecated. Use boundjid.full
WARNING  fulljid property deprecated. Use boundjid.full
WARNING  Was not able to set all parents in menno
WARNING  Was not able to set all parents in face4
WARNING  Was not able to set all parents in face1
WARNING  Was not able to set all parents in face2
WARNING  Was not able to set all parents in face3
INFO     Daemonized
WARNING  fulljid property deprecated. Use boundjid.full
WARNING  fulljid property deprecated. Use boundjid.full
WARNING  fulljid property deprecated. Use boundjid.full
WARNING  fulljid property deprecated. Use boundjid.full
WARNING  fulljid property deprecated. Use boundjid.full
WARNING  fulljid property deprecated. Use boundjid.full
WARNING  fulljid property deprecated. Use boundjid.full
WARNING  Was not able to set all parents in menno
WARNING  Was not able to set all parents in face4
WARNING  Was not able to set all parents in face1
WARNING  Was not able to set all parents in face2
WARNING  Was not able to set all parents in face3
INFO     Daemonized
WARNING  fulljid property deprecated. Use boundjid.full
WARNING  fulljid property deprecated. Use boundjid.full
WARNING  fulljid property deprecated. Use boundjid.full
WARNING  fulljid property deprecated. Use boundjid.full
WARNING  fulljid property deprecated. Use boundjid.full
WARNING  fulljid property deprecated. Use boundjid.full
WARNING  fulljid property deprecated. Use boundjid.full
WARNING  Was not able to set all parents in menno
WARNING  Was not able to set all parents in face4
WARNING  Was not able to set all parents in face1
WARNING  Was not able to set all parents in face2
WARNING  Was not able to set all parents in face3
INFO     Daemonized
WARNING  fulljid property deprecated. Use boundjid.full
WARNING  fulljid property deprecated. Use boundjid.full
WARNING  fulljid property deprecated. Use boundjid.full
WARNING  fulljid property deprecated. Use boundjid.full
WARNING  fulljid property deprecated. Use boundjid.full
WARNING  fulljid property deprecated. Use boundjid.full
WARNING  fulljid property deprecated. Use boundjid.full
WARNING  Was not able to set all parents in menno
WARNING  Was not able to set all parents in face4
WARNING  Was not able to set all parents in face1
WARNING  Was not able to set all parents in face2
WARNING  Was not able to set all parents in face3
INFO     Daemonized
WARNING  fulljid property deprecated. Use boundjid.full
WARNING  fulljid property deprecated. Use boundjid.full
WARNING  fulljid property deprecated. Use boundjid.full
WARNING  fulljid property deprecated. Use boundjid.full
WARNING  fulljid property deprecated. Use boundjid.full
WARNING  fulljid property deprecated. Use boundjid.full
WARNING  fulljid property deprecated. Use boundjid.full
WARNING  Was not able to set all parents in menno
WARNING  Was not able to set all parents in face4
WARNING  Was not able to set all parents in face1
WARNING  Was not able to set all parents in face2
WARNING  Was not able to set all parents in face3
WARNING  Was not able to set all parents in face4
INFO     Daemonized
WARNING  fulljid property deprecated. Use boundjid.full
WARNING  fulljid property deprecated. Use boundjid.full
WARNING  fulljid property deprecated. Use boundjid.full
WARNING  fulljid property deprecated. Use boundjid.full
WARNING  fulljid property deprecated. Use boundjid.full
WARNING  fulljid property deprecated. Use boundjid.full
WARNING  fulljid property deprecated. Use boundjid.full
WARNING  Was not able to set all parents in menno
WARNING  Was not able to set all parents in face4
WARNING  Was not able to set all parents in face1
WARNING  Was not able to set all parents in face2
WARNING  Was not able to set all parents in face3
INFO     Daemonized
WARNING  fulljid property deprecated. Use boundjid.full
WARNING  fulljid property deprecated. Use boundjid.full
WARNING  fulljid property deprecated. Use boundjid.full
WARNING  fulljid property deprecated. Use boundjid.full
WARNING  fulljid property deprecated. Use boundjid.full
WARNING  fulljid property deprecated. Use boundjid.full
WARNING  fulljid property deprecated. Use boundjid.full
WARNING  Was not able to set all parents in menno
WARNING  Was not able to set all parents in face4
WARNING  Was not able to set all parents in face1
WARNING  Was not able to set all parents in face2
WARNING  Was not able to set all parents in face3
WARNING  Was not able to set all parents in face3
INFO     Daemonized
WARNING  fulljid property deprecated. Use boundjid.full
WARNING  fulljid property deprecated. Use boundjid.full
WARNING  fulljid property deprecated. Use boundjid.full
WARNING  fulljid property deprecated. Use boundjid.full
WARNING  fulljid property deprecated. Use boundjid.full
WARNING  fulljid property deprecated. Use boundjid.full
WARNING  fulljid property deprecated. Use boundjid.full
WARNING  Was not able to set all parents in menno
WARNING  Was not able to set all parents in face4
WARNING  Was not able to set all parents in face1
WARNING  Was not able to set all parents in face2
WARNING  Was not able to set all parents in face3
WARNING  Was not able to set all parents in face3
INFO     Daemonized
WARNING  fulljid property deprecated. Use boundjid.full
WARNING  fulljid property deprecated. Use boundjid.full
WARNING  fulljid property deprecated. Use boundjid.full
WARNING  fulljid property deprecated. Use boundjid.full
WARNING  fulljid property deprecated. Use boundjid.full
WARNING  fulljid property deprecated. Use boundjid.full
WARNING  fulljid property deprecated. Use boundjid.full
INFO     Daemonized
WARNING  fulljid property deprecated. Use boundjid.full
WARNING  fulljid property deprecated. Use boundjid.full
WARNING  fulljid property deprecated. Use boundjid.full
WARNING  fulljid property deprecated. Use boundjid.full
WARNING  fulljid property deprecated. Use boundjid.full
WARNING  fulljid property deprecated. Use boundjid.full
WARNING  fulljid property deprecated. Use boundjid.full
WARNING  Was not able to set all parents in menno
WARNING  Was not able to set all parents in face4
WARNING  Was not able to set all parents in face1
WARNING  Was not able to set all parents in face2
WARNING  Was not able to set all parents in face3
WARNING  Was not able to set all parents in menno
WARNING  Was not able to set all parents in face4
WARNING  Was not able to set all parents in face1
WARNING  Was not able to set all parents in face2
WARNING  Was not able to set all parents in face3
INFO     Daemonized
WARNING  fulljid property deprecated. Use boundjid.full
WARNING  fulljid property deprecated. Use boundjid.full
WARNING  fulljid property deprecated. Use boundjid.full
WARNING  fulljid property deprecated. Use boundjid.full
WARNING  fulljid property deprecated. Use boundjid.full
WARNING  fulljid property deprecated. Use boundjid.full
WARNING  fulljid property deprecated. Use boundjid.full
INFO     Daemonized
WARNING  fulljid property deprecated. Use boundjid.full
WARNING  fulljid property deprecated. Use boundjid.full
WARNING  fulljid property deprecated. Use boundjid.full
WARNING  fulljid property deprecated. Use boundjid.full
WARNING  fulljid property deprecated. Use boundjid.full
WARNING  fulljid property deprecated. Use boundjid.full
WARNING  fulljid property deprecated. Use boundjid.full
WARNING  Was not able to set all parents in menno
WARNING  Was not able to set all parents in face4
WARNING  Was not able to set all parents in face1
WARNING  Was not able to set all parents in face2
WARNING  Was not able to set all parents in face3
WARNING  Was not able to set all parents in face4
INFO     Daemonized
WARNING  fulljid property deprecated. Use boundjid.full
WARNING  fulljid property deprecated. Use boundjid.full
WARNING  fulljid property deprecated. Use boundjid.full
WARNING  fulljid property deprecated. Use boundjid.full
WARNING  fulljid property deprecated. Use boundjid.full
WARNING  fulljid property deprecated. Use boundjid.full
WARNING  fulljid property deprecated. Use boundjid.full
WARNING  Was not able to set all parents in menno
WARNING  Was not able to set all parents in face4
WARNING  Was not able to set all parents in face1
WARNING  Was not able to set all parents in face2
WARNING  Was not able to set all parents in face3
INFO     Daemonized
WARNING  fulljid property deprecated. Use boundjid.full
WARNING  fulljid property deprecated. Use boundjid.full
WARNING  fulljid property deprecated. Use boundjid.full
WARNING  fulljid property deprecated. Use boundjid.full
WARNING  fulljid property deprecated. Use boundjid.full
WARNING  fulljid property deprecated. Use boundjid.full
WARNING  fulljid property deprecated. Use boundjid.full
WARNING  Was not able to set all parents in menno
WARNING  Was not able to set all parents in face4
WARNING  Was not able to set all parents in face1
WARNING  Was not able to set all parents in face2
WARNING  Was not able to set all parents in face3
INFO     Daemonized
WARNING  fulljid property deprecated. Use boundjid.full
WARNING  fulljid property deprecated. Use boundjid.full
WARNING  fulljid property deprecated. Use boundjid.full
WARNING  fulljid property deprecated. Use boundjid.full
WARNING  fulljid property deprecated. Use boundjid.full
WARNING  fulljid property deprecated. Use boundjid.full
WARNING  fulljid property deprecated. Use boundjid.full
WARNING  Was not able to set all parents in menno
WARNING  Was not able to set all parents in face4
WARNING  Was not able to set all parents in face1
WARNING  Was not able to set all parents in face2
WARNING  Was not able to set all parents in face3
INFO     Daemonized
WARNING  fulljid property deprecated. Use boundjid.full
WARNING  fulljid property deprecated. Use boundjid.full
WARNING  fulljid property deprecated. Use boundjid.full
WARNING  fulljid property deprecated. Use boundjid.full
WARNING  fulljid property deprecated. Use boundjid.full
WARNING  fulljid property deprecated. Use boundjid.full
WARNING  fulljid property deprecated. Use boundjid.full
WARNING  Was not able to set all parents in menno
WARNING  Was not able to set all parents in face4
WARNING  Was not able to set all parents in face1
WARNING  Was not able to set all parents in face2
WARNING  Was not able to set all parents in face3
WARNING  Was not able to set all parents in face4
INFO     Daemonized
WARNING  fulljid property deprecated. Use boundjid.full
WARNING  fulljid property deprecated. Use boundjid.full
WARNING  fulljid property deprecated. Use boundjid.full
WARNING  fulljid property deprecated. Use boundjid.full
WARNING  fulljid property deprecated. Use boundjid.full
WARNING  fulljid property deprecated. Use boundjid.full
WARNING  fulljid property deprecated. Use boundjid.full
INFO     Daemonized
WARNING  fulljid property deprecated. Use boundjid.full
WARNING  fulljid property deprecated. Use boundjid.full
WARNING  fulljid property deprecated. Use boundjid.full
WARNING  fulljid property deprecated. Use boundjid.full
WARNING  fulljid property deprecated. Use boundjid.full
WARNING  fulljid property deprecated. Use boundjid.full
WARNING  fulljid property deprecated. Use boundjid.full
WARNING  Was not able to set all parents in menno
WARNING  Was not able to set all parents in face4
WARNING  Was not able to set all parents in face1
WARNING  Was not able to set all parents in face2
WARNING  Was not able to set all parents in face3
INFO     Daemonized
WARNING  fulljid property deprecated. Use boundjid.full
WARNING  fulljid property deprecated. Use boundjid.full
WARNING  fulljid property deprecated. Use boundjid.full
WARNING  fulljid property deprecated. Use boundjid.full
WARNING  fulljid property deprecated. Use boundjid.full
WARNING  fulljid property deprecated. Use boundjid.full
WARNING  fulljid property deprecated. Use boundjid.full
WARNING  Was not able to set all parents in menno
WARNING  Was not able to set all parents in face4
WARNING  Was not able to set all parents in face1
WARNING  Was not able to set all parents in face2
WARNING  Was not able to set all parents in face3
WARNING  Was not able to set all parents in face4
WARNING  Was not able to set all parents in face4
WARNING  Was not able to set all parents in face4
WARNING  Was not able to set all parents in face4
INFO     Daemonized
WARNING  fulljid property deprecated. Use boundjid.full
WARNING  fulljid property deprecated. Use boundjid.full
WARNING  fulljid property deprecated. Use boundjid.full
WARNING  fulljid property deprecated. Use boundjid.full
WARNING  fulljid property deprecated. Use boundjid.full
WARNING  fulljid property deprecated. Use boundjid.full
WARNING  fulljid property deprecated. Use boundjid.full
WARNING  Was not able to set all parents in menno
WARNING  Was not able to set all parents in face4
WARNING  Was not able to set all parents in face1
WARNING  Was not able to set all parents in face2
WARNING  Was not able to set all parents in face3
WARNING  Was not able to set all parents in face4
WARNING  Was not able to set all parents in face4
WARNING  Was not able to set all parents in face4
WARNING  Was not able to set all parents in face4
WARNING  Was not able to set all parents in face4
INFO     Daemonized
WARNING  fulljid property deprecated. Use boundjid.full
WARNING  fulljid property deprecated. Use boundjid.full
WARNING  fulljid property deprecated. Use boundjid.full
WARNING  fulljid property deprecated. Use boundjid.full
WARNING  fulljid property deprecated. Use boundjid.full
WARNING  fulljid property deprecated. Use boundjid.full
WARNING  fulljid property deprecated. Use boundjid.full
WARNING  Was not able to set all parents in menno
WARNING  Was not able to set all parents in face4
WARNING  Was not able to set all parents in face1
WARNING  Was not able to set all parents in face2
WARNING  Was not able to set all parents in face3
WARNING  Was not able to set all parents in face4
INFO     Daemonized
WARNING  fulljid property deprecated. Use boundjid.full
WARNING  fulljid property deprecated. Use boundjid.full
WARNING  fulljid property deprecated. Use boundjid.full
WARNING  fulljid property deprecated. Use boundjid.full
WARNING  fulljid property deprecated. Use boundjid.full
WARNING  fulljid property deprecated. Use boundjid.full
WARNING  fulljid property deprecated. Use boundjid.full
WARNING  Was not able to set all parents in menno
WARNING  Was not able to set all parents in face4
WARNING  Was not able to set all parents in face1
WARNING  Was not able to set all parents in face2
WARNING  Was not able to set all parents in face3
WARNING  Was not able to set all parents in face4
INFO     Daemonized
WARNING  fulljid property deprecated. Use boundjid.full
WARNING  fulljid property deprecated. Use boundjid.full
WARNING  fulljid property deprecated. Use boundjid.full
WARNING  fulljid property deprecated. Use boundjid.full
WARNING  fulljid property deprecated. Use boundjid.full
WARNING  fulljid property deprecated. Use boundjid.full
WARNING  fulljid property deprecated. Use boundjid.full
WARNING  Was not able to set all parents in menno
WARNING  Was not able to set all parents in face4
WARNING  Was not able to set all parents in face1
WARNING  Was not able to set all parents in face2
WARNING  Was not able to set all parents in face3
INFO     Daemonized
WARNING  fulljid property deprecated. Use boundjid.full
WARNING  fulljid property deprecated. Use boundjid.full
WARNING  fulljid property deprecated. Use boundjid.full
WARNING  fulljid property deprecated. Use boundjid.full
WARNING  fulljid property deprecated. Use boundjid.full
WARNING  fulljid property deprecated. Use boundjid.full
WARNING  fulljid property deprecated. Use boundjid.full
WARNING  Was not able to set all parents in menno
WARNING  Was not able to set all parents in face4
WARNING  Was not able to set all parents in face1
WARNING  Was not able to set all parents in face2
WARNING  Was not able to set all parents in face3
